<?xml version="1.0" encoding="UTF-8"?>
<!-- Generated by org.testng.reporters.JUnitXMLReporter -->
<testsuite ignored="0" hostname="DESKTOP-PIE6SF7" failures="0" tests="3" name="Test" time="0.074" errors="0" timestamp="2021-12-26T12:01:11 GMT-08:00">
  <testcase classname="TestNGDemoOne.NewTest" name="test1" time="0.011"/>
  <testcase classname="TestNGDemoOne.NewTest" name="test2" time="0.004"/>
  <testcase classname="TestNGDemoOne.NewTest2" name="test3" time="0.001"/>
</testsuite> <!-- Test -->
